<?xml version="1.0" encoding="UTF-8"?>
<testng-results ignored="0" total="1" passed="1" failed="0" skipped="0">
	<reporter-output>
	</reporter-output>
	<suite started-at="2024-03-30T08:16:56Z" name="Default suite"
		finished-at="2024-03-30T08:18:03Z" duration-ms="66758">
		<groups>
		</groups>
		<test started-at="2024-03-30T08:16:56Z" name="Default test"
			finished-at="2024-03-30T08:18:03Z" duration-ms="66758">
			<class name="com.abi.test.pageobject.Tests.DashBoardTest">
				<test-method is-config="true"
					signature="beforeTest()[pri:0, instance:com.abi.test.pageobject.Tests.DashBoardTest@71529963]"
					started-at="2024-03-30T08:16:56Z" name="beforeTest"
					finished-at="2024-03-30T08:16:56Z" duration-ms="20"
					status="PASS">
					<reporter-output>
					</reporter-output>
				</test-method> <!--
				beforeTest -->
				<test-method is-config="true"
					signature="beforeMethod()[pri:0, instance:com.abi.test.pageobject.Tests.DashBoardTest@71529963]"
					started-at="2024-03-30T08:16:56Z" name="beforeMethod"
					finished-at="2024-03-30T08:16:56Z" duration-ms="3"
					status="PASS">
					<reporter-output>
					</reporter-output>
				</test-method> <!--
				beforeMethod -->
				<test-method is-config="true"
					signature="loadBrowser()[pri:0, instance:com.abi.test.pageobject.Tests.DashBoardTest@71529963]"
					started-at="2024-03-30T08:16:56Z" name="loadBrowser"
					finished-at="2024-03-30T08:17:51Z" duration-ms="54642"
					status="PASS">
					<reporter-output>
					</reporter-output>
				</test-method> <!--
				loadBrowser -->
				<test-method is-config="true"
					signature="nameBefore(java.lang.reflect.Method)[pri:0, instance:com.abi.test.pageobject.Tests.DashBoardTest@71529963]"
					started-at="2024-03-30T08:17:51Z" name="nameBefore"
					finished-at="2024-03-30T08:17:51Z" duration-ms="12"
					status="PASS">
					<params>
						<param index="0">
							<value>
                <![CDATA[public void com.abi.test.pageobject.Tests.DashBoardTest.DashBoardTest()]]>
              </value>
						</param>
					</params>
					<reporter-output>
					</reporter-output>
				</test-method> <!--
				nameBefore -->
				<test-method
					signature="DashBoardTest()[pri:1, instance:com.abi.test.pageobject.Tests.DashBoardTest@71529963]"
					started-at="2024-03-30T08:17:51Z" name="DashBoardTest"
					finished-at="2024-03-30T08:18:02Z" duration-ms="10861"
					status="PASS">
					<reporter-output>
					</reporter-output>
				</test-method> <!--
				DashBoardTest -->
				<test-method is-config="true"
					signature="afterMethod(java.lang.reflect.Method, org.testng.ITestResult)[pri:0, instance:com.abi.test.pageobject.Tests.DashBoardTest@71529963]"
					started-at="2024-03-30T08:18:02Z" name="afterMethod"
					finished-at="2024-03-30T08:18:02Z" duration-ms="6"
					status="PASS">
					<params>
						<param index="0">
							<value>
                <![CDATA[public void com.abi.test.pageobject.Tests.DashBoardTest.DashBoardTest()]]>
              </value>
						</param>
						<param index="1">
							<value>
                <![CDATA[[TestResult name=DashBoardTest status=SUCCESS method=DashBoardTest.DashBoardTest()[pri:1, instance:com.abi.test.pageobject.Tests.DashBoardTest@71529963] output={null}]]]>
              </value>
						</param>
					</params>
					<reporter-output>
					</reporter-output>
				</test-method> <!--
				afterMethod -->
				<test-method is-config="true"
					signature="closeBrowser()[pri:0, instance:com.abi.test.pageobject.Tests.DashBoardTest@71529963]"
					started-at="2024-03-30T08:18:02Z" name="closeBrowser"
					finished-at="2024-03-30T08:18:03Z" duration-ms="1179"
					status="PASS">
					<reporter-output>
					</reporter-output>
				</test-method> <!--
				closeBrowser -->
			</class> <!--
			com.abi.test.pageobject.Tests.DashBoardTest -->
		</test> <!--
		Default test -->
	</suite> <!--
	Default suite -->
</testng-results>
